<?xml version="1.0" encoding="UTF-8"?>
<!-- Generated by org.testng.reporters.JUnitReportReporter -->
<testsuite hostname="QB-TP3-2221" failures="0" tests="4" name="Testcases.ManageProducttest" time="30.095" errors="0" timestamp="2022-09-17T21:20:12 IST" skipped="0">
  <testcase classname="Testcases.ManageProducttest" name="verifyEneterPricefield" time="8.034"/>
  <system-out/>
  <testcase classname="Testcases.ManageProducttest" name="fileupload" time="14.252"/>
  <system-out/>
  <testcase classname="Testcases.ManageProducttest" name="alertValidation" time="3.714"/>
  <system-out/>
  <testcase classname="Testcases.ManageProducttest" name="columnvalidation" time="4.095"/>
  <system-out/>
</testsuite> <!-- Testcases.ManageProducttest -->
