<?xml version="1.0" encoding="UTF-8"?>
<!-- Generated by org.testng.reporters.JUnitReportReporter -->
<testsuite hostname="QB-TP3-2221" failures="0" tests="2" name="Testcases.ManagePaymentTest" time="6.258" errors="0" timestamp="2022-09-17T21:20:12 IST" skipped="0">
  <testcase classname="Testcases.ManagePaymentTest" name="Validation" time="3.238"/>
  <system-out/>
  <testcase classname="Testcases.ManagePaymentTest" name="checkboxValidation" time="3.020"/>
  <system-out/>
</testsuite> <!-- Testcases.ManagePaymentTest -->
