<?xml version="1.0" encoding="UTF-8"?>
<!-- Generated by org.testng.reporters.JUnitReportReporter -->
<testsuite hostname="QB-TP3-2221" failures="0" tests="4" name="Testcases.MobileSliderTestcase" time="17.626" errors="0" timestamp="2022-09-17T21:20:12 IST" skipped="0">
  <testcase classname="Testcases.MobileSliderTestcase" name="titlevalidation" time="3.744"/>
  <system-out/>
  <testcase classname="Testcases.MobileSliderTestcase" name="getbgclr" time="3.605"/>
  <system-out/>
  <testcase classname="Testcases.MobileSliderTestcase" name="elementDisplay" time="3.871"/>
  <system-out/>
  <testcase classname="Testcases.MobileSliderTestcase" name="getStatus" time="6.406"/>
  <system-out/>
</testsuite> <!-- Testcases.MobileSliderTestcase -->
