<?xml version="1.0" encoding="UTF-8"?>
<!-- Generated by org.testng.reporters.JUnitReportReporter -->
<testsuite hostname="QB-TP3-2221" failures="0" tests="3" name="Testcases.ManageOfferCodeTestcase" time="14.778" errors="0" timestamp="2022-09-17T21:20:12 IST" skipped="0">
  <testcase classname="Testcases.ManageOfferCodeTestcase" name="ManageOfferCode_search" time="4.092"/>
  <system-out/>
  <testcase classname="Testcases.ManageOfferCodeTestcase" name="ManageOfferCodeTitleValidation" time="3.479"/>
  <system-out/>
  <testcase classname="Testcases.ManageOfferCodeTestcase" name="ManageOfferCode_newoffer" time="7.207"/>
  <system-out/>
</testsuite> <!-- Testcases.ManageOfferCodeTestcase -->
