<?xml version="1.0" encoding="UTF-8"?>
<!-- Generated by org.testng.reporters.JUnitReportReporter -->
<testsuite hostname="QB-TP3-2221" failures="0" tests="2" name="Testcases.DashBoardTest" time="6.756" errors="0" timestamp="2022-09-17T21:20:12 IST" skipped="0">
  <testcase classname="Testcases.DashBoardTest" name="Manageorders_search_btn_size" time="2.740"/>
  <system-out/>
  <testcase classname="Testcases.DashBoardTest" name="tableHeaderFieldValidation" time="4.016"/>
  <system-out/>
</testsuite> <!-- Testcases.DashBoardTest -->
