<?xml version="1.0" encoding="UTF-8"?>
<!-- Generated by org.testng.reporters.JUnitReportReporter -->
<testsuite hostname="QB-TP3-2221" failures="0" tests="3" name="Testcases.ManageExpenseTestcase" time="12.760" errors="0" timestamp="2022-09-17T21:20:12 IST" skipped="0">
  <testcase classname="Testcases.ManageExpenseTestcase" name="Manageorders_search_btn_size" time="3.651"/>
  <system-out/>
  <testcase classname="Testcases.ManageExpenseTestcase" name="backGroundSearchrVaildation" time="3.273"/>
  <system-out/>
  <testcase classname="Testcases.ManageExpenseTestcase" name="ManageordersResetButtonClrVaildation" time="5.836"/>
  <system-out/>
</testsuite> <!-- Testcases.ManageExpenseTestcase -->
