<?xml version="1.0" encoding="UTF-8"?>
<!-- Generated by org.testng.reporters.JUnitReportReporter -->
<testsuite hostname="QB-TP3-2221" failures="0" tests="6" name="Testcases.ManageOrderTestCases" time="36.536" errors="0" timestamp="2022-09-17T21:20:12 IST" skipped="0">
  <testcase classname="Testcases.ManageOrderTestCases" name="statusvalidation" time="6.447"/>
  <system-out/>
  <testcase classname="Testcases.ManageOrderTestCases" name="Manageorders_reset_btn_size" time="4.671"/>
  <system-out/>
  <testcase classname="Testcases.ManageOrderTestCases" name="statusvalidation" time="6.209"/>
  <system-out/>
  <testcase classname="Testcases.ManageOrderTestCases" name="Manageorders_searchbtn_bg_clr_validation" time="11.186"/>
  <system-out/>
  <testcase classname="Testcases.ManageOrderTestCases" name="Manageorders_search_btn_size" time="4.321"/>
  <system-out/>
  <testcase classname="Testcases.ManageOrderTestCases" name="manageOredersSearchbyBank" time="3.702"/>
  <system-out/>
</testsuite> <!-- Testcases.ManageOrderTestCases -->
