<?xml version="1.0" encoding="UTF-8"?>
<!-- Generated by org.testng.reporters.JUnitReportReporter -->
<testsuite hostname="QB-TP3-2221" failures="0" tests="3" name="Testcases.ManageLocationTest" time="12.780" errors="0" timestamp="2022-09-17T21:20:12 IST" skipped="0">
  <testcase classname="Testcases.ManageLocationTest" name="manageLocationTabValidation" time="3.177"/>
  <system-out/>
  <testcase classname="Testcases.ManageLocationTest" name="displayColorNewbutton" time="3.287"/>
  <system-out/>
  <testcase classname="Testcases.ManageLocationTest" name="searchMethod" time="6.316"/>
  <system-out/>
</testsuite> <!-- Testcases.ManageLocationTest -->
