<?xml version="1.0" encoding="UTF-8"?>
<!-- Generated by org.testng.reporters.JUnitReportReporter -->
<testsuite hostname="QB-TP3-2221" failures="0" tests="2" name="Testcases.ManagesliderTestcase" time="13.724" errors="0" timestamp="2022-09-17T21:20:12 IST" skipped="0">
  <testcase classname="Testcases.ManagesliderTestcase" name="verifyimagepresent" time="9.621"/>
  <system-out/>
  <testcase classname="Testcases.ManagesliderTestcase" name="titleValidation" time="4.103"/>
  <system-out/>
</testsuite> <!-- Testcases.ManagesliderTestcase -->
