<?xml version="1.0" encoding="UTF-8"?>
<!-- Generated by org.testng.reporters.JUnitReportReporter -->
<testsuite hostname="QB-TP3-2221" failures="0" tests="1" name="Testcases.ManageCodTest" time="6.322" errors="0" timestamp="2022-10-03T12:07:10 IST" skipped="0">
  <testcase classname="Testcases.ManageCodTest" name="checkboxValidation" time="6.322"/>
  <system-out/>
</testsuite> <!-- Testcases.ManageCodTest -->
